<?xml version='1.0' encoding='UTF-8'?>
<testsuite hostname="MacBook-Air-de-Ashraf.local" name="SchedulerTest" tests="1" errors="0" failures="0" skipped="0" time="0.016" timestamp="2025-01-20T16:43:22">
          <properties>
[...]
</properties>
          <testcase classname="SchedulerTest" name="Add and sort events" time="0.016">
                      
                    </testcase>
          <system-out><![CDATA[]]></system-out>
          <system-err><![CDATA[]]></system-err>
        </testsuite>